<?xml version="1.0" encoding="UTF-8"?>
<testsuite name="Registro de Usuario en la Pagina" tests="1" skipped="0" failures="1" errors="0" timestamp="2021-10-28T03:12:06" hostname="DESKTOP-HH3ASM6" time="52.941">
  <properties/>
  <testcase name="Registro de usuario en la pagina" classname="Registro de Usuario en la Pagina" time="52.941">
    <failure message="java.lang.AssertionError: Expected r&#10;Expected: is &lt;true&gt;&#10;     but: was &lt;false&gt;" type="java.lang.AssertionError">java.lang.AssertionError: Expected r
Expected: is &lt;true&gt;
     but: was &lt;false&gt;
	at net.serenitybdd.screenplay.ErrorTally.throwSummaryExceptionFrom(ErrorTally.java:36)
	at net.serenitybdd.screenplay.ErrorTally.reportAnyErrors(ErrorTally.java:30)
	at net.serenitybdd.screenplay.Actor.should(Actor.java:301)
	at co.com.choucair.certification.prueba.stepdefinitions.UtestStepDefinition.porteriormenteSeDebeClickearElBotonDeRegitroParaFinalizarElMismo(UtestStepDefinition.java:37)
	at ✽.porteriormente se debe clickear el boton de regitro para finalizar el mismo(src/test/resources/features/registro.feature:13)
</failure>
  </testcase>
  <system-out><![CDATA[]]></system-out>
  <system-err><![CDATA[[Test worker] WARN net.thucydides.core.steps.BaseStepListener - stepStarted: net.thucydides.core.steps.ExecutedStepDescription@1ee278de
[Test worker] WARN net.thucydides.core.steps.BaseStepListener - stepStarted: net.thucydides.core.steps.ExecutedStepDescription@1eb4fe52
[Test worker] WARN net.thucydides.core.steps.BaseStepListener - stepStarted: net.thucydides.core.steps.ExecutedStepDescription@20659579
oct. 27, 2021 10:12:08 P. M. org.openqa.selenium.remote.DesiredCapabilities chrome
INFORMACIÓN: Using `new ChromeOptions()` is preferred to `DesiredCapabilities.chrome()`
[Test worker] INFO net.serenitybdd.core.webdriver.driverproviders.ProvideNewDriver - Instantiating driver
[Test worker] INFO net.serenitybdd.core.webdriver.driverproviders.ProvideNewDriver - Driver capabilities: Capabilities {acceptInsecureCerts: false, browserName: chrome, chrome.switches: --start-maximized, goog:chromeOptions: {args: [--start-maximized], extensions: []}, loggingPrefs: org.openqa.selenium.logging..., platform: ANY, version: }
Starting ChromeDriver 94.0.4606.41 (333e85df3c9b656b518b5f1add5ff246365b6c24-refs/branch-heads/4606@{#845}) on port 16294
Only local connections are allowed.
Please see https://chromedriver.chromium.org/security-considerations for suggestions on keeping ChromeDriver safe.
ChromeDriver was started successfully.
[1635390732.530][WARNING]: This version of ChromeDriver has not been tested with Chrome version 95.
oct. 27, 2021 10:12:13 P. M. org.openqa.selenium.remote.ProtocolHandshake createSession
INFORMACIÓN: Detected dialect: W3C
[Test worker] WARN net.thucydides.core.steps.BaseStepListener - stepFinished: current outcome:Registro de usuario en la pagina:Given Se desea registrar a un usuario en la pagina [Oscar abrir [Oscar opens the Pagina]]
[Test worker] WARN net.thucydides.core.steps.BaseStepListener - stepStarted: net.thucydides.core.steps.ExecutedStepDescription@28e596db
[Test worker] WARN net.thucydides.core.steps.BaseStepListener - stepFinished: current outcome:Registro de usuario en la pagina:Given Se desea registrar a un usuario en la pagina [Oscar abrir [Oscar opens the Pagina, Oscar clicks on Boton para iniciar registro]]
[Test worker] WARN net.thucydides.core.steps.BaseStepListener - stepFinished: current outcome:Registro de usuario en la pagina:Given Se desea registrar a un usuario en la pagina [Oscar abrir [Oscar opens the Pagina, Oscar clicks on Boton para iniciar registro]]
[Test worker] WARN net.thucydides.core.steps.BaseStepListener - stepFinished: current outcome:Registro de usuario en la pagina:Given Se desea registrar a un usuario en la pagina [Oscar abrir [Oscar opens the Pagina, Oscar clicks on Boton para iniciar registro]]
[Test worker] WARN net.thucydides.core.steps.BaseStepListener - stepStarted: net.thucydides.core.steps.ExecutedStepDescription@1ee3b169
[Test worker] WARN net.thucydides.core.steps.BaseStepListener - stepStarted: net.thucydides.core.steps.ExecutedStepDescription@46786797
[Test worker] WARN net.thucydides.core.steps.BaseStepListener - stepStarted: net.thucydides.core.steps.ExecutedStepDescription@5bcc983
[Test worker] WARN net.thucydides.core.steps.BaseStepListener - stepFinished: current outcome:Registro de usuario en la pagina:Given Se desea registrar a un usuario en la pagina [Oscar abrir [Oscar opens the Pagina, Oscar clicks on Boton para iniciar registro]], When Se diligenciara un formulario con los datos del usuario requerdios por el sistema
| strNombre | strApellido | strEmail | strAnoNacimiento | strMesNacimiento | strDiaNacimiento | strCiudad | strZip | strPais | strDispositivo | strModelo | strSo | strClave |
| Oscar | Rincon | juanes1032@hotmail.com | 1986 | May | 23 | Bogota | 110101 | Colombia | Alcatel | Crystal | Android 7.0 | Oira.1032370453 | [Oscar llenar [Oscar enters 'Oscar' into Primer nombre]]
[Test worker] WARN net.thucydides.core.steps.BaseStepListener - stepStarted: net.thucydides.core.steps.ExecutedStepDescription@1c9f8f87
[Test worker] WARN net.thucydides.core.steps.BaseStepListener - stepFinished: current outcome:Registro de usuario en la pagina:Given Se desea registrar a un usuario en la pagina [Oscar abrir [Oscar opens the Pagina, Oscar clicks on Boton para iniciar registro]], When Se diligenciara un formulario con los datos del usuario requerdios por el sistema
| strNombre | strApellido | strEmail | strAnoNacimiento | strMesNacimiento | strDiaNacimiento | strCiudad | strZip | strPais | strDispositivo | strModelo | strSo | strClave |
| Oscar | Rincon | juanes1032@hotmail.com | 1986 | May | 23 | Bogota | 110101 | Colombia | Alcatel | Crystal | Android 7.0 | Oira.1032370453 | [Oscar llenar [Oscar enters 'Oscar' into Primer nombre, Oscar enters 'Rincon' into Apellido]]
[Test worker] WARN net.thucydides.core.steps.BaseStepListener - stepStarted: net.thucydides.core.steps.ExecutedStepDescription@7f2a4200
[Test worker] WARN net.thucydides.core.steps.BaseStepListener - stepFinished: current outcome:Registro de usuario en la pagina:Given Se desea registrar a un usuario en la pagina [Oscar abrir [Oscar opens the Pagina, Oscar clicks on Boton para iniciar registro]], When Se diligenciara un formulario con los datos del usuario requerdios por el sistema
| strNombre | strApellido | strEmail | strAnoNacimiento | strMesNacimiento | strDiaNacimiento | strCiudad | strZip | strPais | strDispositivo | strModelo | strSo | strClave |
| Oscar | Rincon | juanes1032@hotmail.com | 1986 | May | 23 | Bogota | 110101 | Colombia | Alcatel | Crystal | Android 7.0 | Oira.1032370453 | [Oscar llenar [Oscar enters 'Oscar' into Primer nombre, Oscar enters 'Rincon' into Apellido, Oscar enters 'juanes1032@hotmail.com' into Email]]
[Test worker] WARN net.thucydides.core.steps.BaseStepListener - stepStarted: net.thucydides.core.steps.ExecutedStepDescription@350e5550
[Test worker] WARN net.thucydides.core.steps.BaseStepListener - stepFinished: current outcome:Registro de usuario en la pagina:Given Se desea registrar a un usuario en la pagina [Oscar abrir [Oscar opens the Pagina, Oscar clicks on Boton para iniciar registro]], When Se diligenciara un formulario con los datos del usuario requerdios por el sistema
| strNombre | strApellido | strEmail | strAnoNacimiento | strMesNacimiento | strDiaNacimiento | strCiudad | strZip | strPais | strDispositivo | strModelo | strSo | strClave |
| Oscar | Rincon | juanes1032@hotmail.com | 1986 | May | 23 | Bogota | 110101 | Colombia | Alcatel | Crystal | Android 7.0 | Oira.1032370453 | [Oscar llenar [Oscar enters 'Oscar' into Primer nombre, Oscar enters 'Rincon' into Apellido, Oscar enters 'juanes1032@hotmail.com' into Email, Oscar select May on Mes de nacido]]
[Test worker] WARN net.thucydides.core.steps.BaseStepListener - stepStarted: net.thucydides.core.steps.ExecutedStepDescription@329ccbbe
[Test worker] WARN net.thucydides.core.steps.BaseStepListener - stepFinished: current outcome:Registro de usuario en la pagina:Given Se desea registrar a un usuario en la pagina [Oscar abrir [Oscar opens the Pagina, Oscar clicks on Boton para iniciar registro]], When Se diligenciara un formulario con los datos del usuario requerdios por el sistema
| strNombre | strApellido | strEmail | strAnoNacimiento | strMesNacimiento | strDiaNacimiento | strCiudad | strZip | strPais | strDispositivo | strModelo | strSo | strClave |
| Oscar | Rincon | juanes1032@hotmail.com | 1986 | May | 23 | Bogota | 110101 | Colombia | Alcatel | Crystal | Android 7.0 | Oira.1032370453 | [Oscar llenar [Oscar enters 'Oscar' into Primer nombre, Oscar enters 'Rincon' into Apellido, Oscar enters 'juanes1032@hotmail.com' into Email, Oscar select May on Mes de nacido, Oscar select 23 on Dia de nacido]]
[Test worker] WARN net.thucydides.core.steps.BaseStepListener - stepStarted: net.thucydides.core.steps.ExecutedStepDescription@1d3f5473
[Test worker] WARN net.thucydides.core.steps.BaseStepListener - stepFinished: current outcome:Registro de usuario en la pagina:Given Se desea registrar a un usuario en la pagina [Oscar abrir [Oscar opens the Pagina, Oscar clicks on Boton para iniciar registro]], When Se diligenciara un formulario con los datos del usuario requerdios por el sistema
| strNombre | strApellido | strEmail | strAnoNacimiento | strMesNacimiento | strDiaNacimiento | strCiudad | strZip | strPais | strDispositivo | strModelo | strSo | strClave |
| Oscar | Rincon | juanes1032@hotmail.com | 1986 | May | 23 | Bogota | 110101 | Colombia | Alcatel | Crystal | Android 7.0 | Oira.1032370453 | [Oscar llenar [Oscar enters 'Oscar' into Primer nombre, Oscar enters 'Rincon' into Apellido, Oscar enters 'juanes1032@hotmail.com' into Email, Oscar select May on Mes de nacido, Oscar select 23 on Dia de nacido, Oscar select 1986 on Ano nacimiento]]
[Test worker] WARN net.thucydides.core.steps.BaseStepListener - stepStarted: net.thucydides.core.steps.ExecutedStepDescription@4eea9bde
[Test worker] WARN net.thucydides.core.steps.BaseStepListener - stepFinished: current outcome:Registro de usuario en la pagina:Given Se desea registrar a un usuario en la pagina [Oscar abrir [Oscar opens the Pagina, Oscar clicks on Boton para iniciar registro]], When Se diligenciara un formulario con los datos del usuario requerdios por el sistema
| strNombre | strApellido | strEmail | strAnoNacimiento | strMesNacimiento | strDiaNacimiento | strCiudad | strZip | strPais | strDispositivo | strModelo | strSo | strClave |
| Oscar | Rincon | juanes1032@hotmail.com | 1986 | May | 23 | Bogota | 110101 | Colombia | Alcatel | Crystal | Android 7.0 | Oira.1032370453 | [Oscar llenar [Oscar enters 'Oscar' into Primer nombre, Oscar enters 'Rincon' into Apellido, Oscar enters 'juanes1032@hotmail.com' into Email, Oscar select May on Mes de nacido, Oscar select 23 on Dia de nacido, Oscar select 1986 on Ano nacimiento, Oscar clicks on Boton de localizacion]]
[Test worker] WARN net.thucydides.core.steps.BaseStepListener - stepFinished: current outcome:Registro de usuario en la pagina:Given Se desea registrar a un usuario en la pagina [Oscar abrir [Oscar opens the Pagina, Oscar clicks on Boton para iniciar registro]], When Se diligenciara un formulario con los datos del usuario requerdios por el sistema
| strNombre | strApellido | strEmail | strAnoNacimiento | strMesNacimiento | strDiaNacimiento | strCiudad | strZip | strPais | strDispositivo | strModelo | strSo | strClave |
| Oscar | Rincon | juanes1032@hotmail.com | 1986 | May | 23 | Bogota | 110101 | Colombia | Alcatel | Crystal | Android 7.0 | Oira.1032370453 | [Oscar llenar [Oscar enters 'Oscar' into Primer nombre, Oscar enters 'Rincon' into Apellido, Oscar enters 'juanes1032@hotmail.com' into Email, Oscar select May on Mes de nacido, Oscar select 23 on Dia de nacido, Oscar select 1986 on Ano nacimiento, Oscar clicks on Boton de localizacion]]
[Test worker] WARN net.thucydides.core.steps.BaseStepListener - stepStarted: net.thucydides.core.steps.ExecutedStepDescription@44c145dd
[Test worker] WARN net.thucydides.core.steps.BaseStepListener - stepStarted: net.thucydides.core.steps.ExecutedStepDescription@164a576c
[Test worker] WARN net.thucydides.core.steps.BaseStepListener - stepFinished: current outcome:Registro de usuario en la pagina:Given Se desea registrar a un usuario en la pagina [Oscar abrir [Oscar opens the Pagina, Oscar clicks on Boton para iniciar registro]], When Se diligenciara un formulario con los datos del usuario requerdios por el sistema
| strNombre | strApellido | strEmail | strAnoNacimiento | strMesNacimiento | strDiaNacimiento | strCiudad | strZip | strPais | strDispositivo | strModelo | strSo | strClave |
| Oscar | Rincon | juanes1032@hotmail.com | 1986 | May | 23 | Bogota | 110101 | Colombia | Alcatel | Crystal | Android 7.0 | Oira.1032370453 | [Oscar llenar [Oscar enters 'Oscar' into Primer nombre, Oscar enters 'Rincon' into Apellido, Oscar enters 'juanes1032@hotmail.com' into Email, Oscar select May on Mes de nacido, Oscar select 23 on Dia de nacido, Oscar select 1986 on Ano nacimiento, Oscar clicks on Boton de localizacion], Oscar llenar ubicacion [Oscar enters 'Bogota' into Ciudad]]
[Test worker] WARN net.thucydides.core.steps.BaseStepListener - stepStarted: net.thucydides.core.steps.ExecutedStepDescription@2359fad0
[Test worker] WARN net.thucydides.core.steps.BaseStepListener - stepFinished: current outcome:Registro de usuario en la pagina:Given Se desea registrar a un usuario en la pagina [Oscar abrir [Oscar opens the Pagina, Oscar clicks on Boton para iniciar registro]], When Se diligenciara un formulario con los datos del usuario requerdios por el sistema
| strNombre | strApellido | strEmail | strAnoNacimiento | strMesNacimiento | strDiaNacimiento | strCiudad | strZip | strPais | strDispositivo | strModelo | strSo | strClave |
| Oscar | Rincon | juanes1032@hotmail.com | 1986 | May | 23 | Bogota | 110101 | Colombia | Alcatel | Crystal | Android 7.0 | Oira.1032370453 | [Oscar llenar [Oscar enters 'Oscar' into Primer nombre, Oscar enters 'Rincon' into Apellido, Oscar enters 'juanes1032@hotmail.com' into Email, Oscar select May on Mes de nacido, Oscar select 23 on Dia de nacido, Oscar select 1986 on Ano nacimiento, Oscar clicks on Boton de localizacion], Oscar llenar ubicacion [Oscar enters 'Bogota' into Ciudad, Oscar types 'ARROW_DOWN' in Ciudad]]
[Test worker] WARN net.thucydides.core.steps.BaseStepListener - stepStarted: net.thucydides.core.steps.ExecutedStepDescription@3bfcca3c
[Test worker] WARN net.thucydides.core.steps.BaseStepListener - stepFinished: current outcome:Registro de usuario en la pagina:Given Se desea registrar a un usuario en la pagina [Oscar abrir [Oscar opens the Pagina, Oscar clicks on Boton para iniciar registro]], When Se diligenciara un formulario con los datos del usuario requerdios por el sistema
| strNombre | strApellido | strEmail | strAnoNacimiento | strMesNacimiento | strDiaNacimiento | strCiudad | strZip | strPais | strDispositivo | strModelo | strSo | strClave |
| Oscar | Rincon | juanes1032@hotmail.com | 1986 | May | 23 | Bogota | 110101 | Colombia | Alcatel | Crystal | Android 7.0 | Oira.1032370453 | [Oscar llenar [Oscar enters 'Oscar' into Primer nombre, Oscar enters 'Rincon' into Apellido, Oscar enters 'juanes1032@hotmail.com' into Email, Oscar select May on Mes de nacido, Oscar select 23 on Dia de nacido, Oscar select 1986 on Ano nacimiento, Oscar clicks on Boton de localizacion], Oscar llenar ubicacion [Oscar enters 'Bogota' into Ciudad, Oscar types 'ARROW_DOWN' in Ciudad, Oscar types 'ENTER' in Ciudad]]
[Test worker] WARN net.thucydides.core.steps.BaseStepListener - stepStarted: net.thucydides.core.steps.ExecutedStepDescription@1243b335
[Test worker] WARN net.thucydides.core.steps.BaseStepListener - stepFinished: current outcome:Registro de usuario en la pagina:Given Se desea registrar a un usuario en la pagina [Oscar abrir [Oscar opens the Pagina, Oscar clicks on Boton para iniciar registro]], When Se diligenciara un formulario con los datos del usuario requerdios por el sistema
| strNombre | strApellido | strEmail | strAnoNacimiento | strMesNacimiento | strDiaNacimiento | strCiudad | strZip | strPais | strDispositivo | strModelo | strSo | strClave |
| Oscar | Rincon | juanes1032@hotmail.com | 1986 | May | 23 | Bogota | 110101 | Colombia | Alcatel | Crystal | Android 7.0 | Oira.1032370453 | [Oscar llenar [Oscar enters 'Oscar' into Primer nombre, Oscar enters 'Rincon' into Apellido, Oscar enters 'juanes1032@hotmail.com' into Email, Oscar select May on Mes de nacido, Oscar select 23 on Dia de nacido, Oscar select 1986 on Ano nacimiento, Oscar clicks on Boton de localizacion], Oscar llenar ubicacion [Oscar enters 'Bogota' into Ciudad, Oscar types 'ARROW_DOWN' in Ciudad, Oscar types 'ENTER' in Ciudad, Oscar enters '110101' into Codigo Postal]]
[Test worker] WARN net.thucydides.core.steps.BaseStepListener - stepStarted: net.thucydides.core.steps.ExecutedStepDescription@35c4128d
[Test worker] WARN net.thucydides.core.steps.BaseStepListener - stepFinished: current outcome:Registro de usuario en la pagina:Given Se desea registrar a un usuario en la pagina [Oscar abrir [Oscar opens the Pagina, Oscar clicks on Boton para iniciar registro]], When Se diligenciara un formulario con los datos del usuario requerdios por el sistema
| strNombre | strApellido | strEmail | strAnoNacimiento | strMesNacimiento | strDiaNacimiento | strCiudad | strZip | strPais | strDispositivo | strModelo | strSo | strClave |
| Oscar | Rincon | juanes1032@hotmail.com | 1986 | May | 23 | Bogota | 110101 | Colombia | Alcatel | Crystal | Android 7.0 | Oira.1032370453 | [Oscar llenar [Oscar enters 'Oscar' into Primer nombre, Oscar enters 'Rincon' into Apellido, Oscar enters 'juanes1032@hotmail.com' into Email, Oscar select May on Mes de nacido, Oscar select 23 on Dia de nacido, Oscar select 1986 on Ano nacimiento, Oscar clicks on Boton de localizacion], Oscar llenar ubicacion [Oscar enters 'Bogota' into Ciudad, Oscar types 'ARROW_DOWN' in Ciudad, Oscar types 'ENTER' in Ciudad, Oscar enters '110101' into Codigo Postal, Oscar clicks on Contenedor]]
[Test worker] WARN net.thucydides.core.steps.BaseStepListener - stepStarted: net.thucydides.core.steps.ExecutedStepDescription@28757a6d
[Test worker] WARN net.thucydides.core.steps.BaseStepListener - stepFinished: current outcome:Registro de usuario en la pagina:Given Se desea registrar a un usuario en la pagina [Oscar abrir [Oscar opens the Pagina, Oscar clicks on Boton para iniciar registro]], When Se diligenciara un formulario con los datos del usuario requerdios por el sistema
| strNombre | strApellido | strEmail | strAnoNacimiento | strMesNacimiento | strDiaNacimiento | strCiudad | strZip | strPais | strDispositivo | strModelo | strSo | strClave |
| Oscar | Rincon | juanes1032@hotmail.com | 1986 | May | 23 | Bogota | 110101 | Colombia | Alcatel | Crystal | Android 7.0 | Oira.1032370453 | [Oscar llenar [Oscar enters 'Oscar' into Primer nombre, Oscar enters 'Rincon' into Apellido, Oscar enters 'juanes1032@hotmail.com' into Email, Oscar select May on Mes de nacido, Oscar select 23 on Dia de nacido, Oscar select 1986 on Ano nacimiento, Oscar clicks on Boton de localizacion], Oscar llenar ubicacion [Oscar enters 'Bogota' into Ciudad, Oscar types 'ARROW_DOWN' in Ciudad, Oscar types 'ENTER' in Ciudad, Oscar enters '110101' into Codigo Postal, Oscar clicks on Contenedor, Oscar enters 'Colombia' then hits ARROW_DOWN and ENTER into Paises]]
[Test worker] WARN net.thucydides.core.steps.BaseStepListener - stepStarted: net.thucydides.core.steps.ExecutedStepDescription@746449c2
[Test worker] WARN net.thucydides.core.steps.BaseStepListener - stepFinished: current outcome:Registro de usuario en la pagina:Given Se desea registrar a un usuario en la pagina [Oscar abrir [Oscar opens the Pagina, Oscar clicks on Boton para iniciar registro]], When Se diligenciara un formulario con los datos del usuario requerdios por el sistema
| strNombre | strApellido | strEmail | strAnoNacimiento | strMesNacimiento | strDiaNacimiento | strCiudad | strZip | strPais | strDispositivo | strModelo | strSo | strClave |
| Oscar | Rincon | juanes1032@hotmail.com | 1986 | May | 23 | Bogota | 110101 | Colombia | Alcatel | Crystal | Android 7.0 | Oira.1032370453 | [Oscar llenar [Oscar enters 'Oscar' into Primer nombre, Oscar enters 'Rincon' into Apellido, Oscar enters 'juanes1032@hotmail.com' into Email, Oscar select May on Mes de nacido, Oscar select 23 on Dia de nacido, Oscar select 1986 on Ano nacimiento, Oscar clicks on Boton de localizacion], Oscar llenar ubicacion [Oscar enters 'Bogota' into Ciudad, Oscar types 'ARROW_DOWN' in Ciudad, Oscar types 'ENTER' in Ciudad, Oscar enters '110101' into Codigo Postal, Oscar clicks on Contenedor, Oscar enters 'Colombia' then hits ARROW_DOWN and ENTER into Paises, Oscar clicks on Dispositivos]]
[Test worker] WARN net.thucydides.core.steps.BaseStepListener - stepFinished: current outcome:Registro de usuario en la pagina:Given Se desea registrar a un usuario en la pagina [Oscar abrir [Oscar opens the Pagina, Oscar clicks on Boton para iniciar registro]], When Se diligenciara un formulario con los datos del usuario requerdios por el sistema
| strNombre | strApellido | strEmail | strAnoNacimiento | strMesNacimiento | strDiaNacimiento | strCiudad | strZip | strPais | strDispositivo | strModelo | strSo | strClave |
| Oscar | Rincon | juanes1032@hotmail.com | 1986 | May | 23 | Bogota | 110101 | Colombia | Alcatel | Crystal | Android 7.0 | Oira.1032370453 | [Oscar llenar [Oscar enters 'Oscar' into Primer nombre, Oscar enters 'Rincon' into Apellido, Oscar enters 'juanes1032@hotmail.com' into Email, Oscar select May on Mes de nacido, Oscar select 23 on Dia de nacido, Oscar select 1986 on Ano nacimiento, Oscar clicks on Boton de localizacion], Oscar llenar ubicacion [Oscar enters 'Bogota' into Ciudad, Oscar types 'ARROW_DOWN' in Ciudad, Oscar types 'ENTER' in Ciudad, Oscar enters '110101' into Codigo Postal, Oscar clicks on Contenedor, Oscar enters 'Colombia' then hits ARROW_DOWN and ENTER into Paises, Oscar clicks on Dispositivos]]
[Test worker] WARN net.thucydides.core.steps.BaseStepListener - stepStarted: net.thucydides.core.steps.ExecutedStepDescription@42eb996d
[Test worker] WARN net.thucydides.core.steps.BaseStepListener - stepStarted: net.thucydides.core.steps.ExecutedStepDescription@7c242d96
[Test worker] WARN net.thucydides.core.steps.BaseStepListener - stepFinished: current outcome:Registro de usuario en la pagina:Given Se desea registrar a un usuario en la pagina [Oscar abrir [Oscar opens the Pagina, Oscar clicks on Boton para iniciar registro]], When Se diligenciara un formulario con los datos del usuario requerdios por el sistema
| strNombre | strApellido | strEmail | strAnoNacimiento | strMesNacimiento | strDiaNacimiento | strCiudad | strZip | strPais | strDispositivo | strModelo | strSo | strClave |
| Oscar | Rincon | juanes1032@hotmail.com | 1986 | May | 23 | Bogota | 110101 | Colombia | Alcatel | Crystal | Android 7.0 | Oira.1032370453 | [Oscar llenar [Oscar enters 'Oscar' into Primer nombre, Oscar enters 'Rincon' into Apellido, Oscar enters 'juanes1032@hotmail.com' into Email, Oscar select May on Mes de nacido, Oscar select 23 on Dia de nacido, Oscar select 1986 on Ano nacimiento, Oscar clicks on Boton de localizacion], Oscar llenar ubicacion [Oscar enters 'Bogota' into Ciudad, Oscar types 'ARROW_DOWN' in Ciudad, Oscar types 'ENTER' in Ciudad, Oscar enters '110101' into Codigo Postal, Oscar clicks on Contenedor, Oscar enters 'Colombia' then hits ARROW_DOWN and ENTER into Paises, Oscar clicks on Dispositivos], Oscar llenar dis [Oscar clicks on Contenedor Dispo]]
[Test worker] WARN net.thucydides.core.steps.BaseStepListener - stepStarted: net.thucydides.core.steps.ExecutedStepDescription@875fec5
[Test worker] WARN net.thucydides.core.steps.BaseStepListener - stepFinished: current outcome:Registro de usuario en la pagina:Given Se desea registrar a un usuario en la pagina [Oscar abrir [Oscar opens the Pagina, Oscar clicks on Boton para iniciar registro]], When Se diligenciara un formulario con los datos del usuario requerdios por el sistema
| strNombre | strApellido | strEmail | strAnoNacimiento | strMesNacimiento | strDiaNacimiento | strCiudad | strZip | strPais | strDispositivo | strModelo | strSo | strClave |
| Oscar | Rincon | juanes1032@hotmail.com | 1986 | May | 23 | Bogota | 110101 | Colombia | Alcatel | Crystal | Android 7.0 | Oira.1032370453 | [Oscar llenar [Oscar enters 'Oscar' into Primer nombre, Oscar enters 'Rincon' into Apellido, Oscar enters 'juanes1032@hotmail.com' into Email, Oscar select May on Mes de nacido, Oscar select 23 on Dia de nacido, Oscar select 1986 on Ano nacimiento, Oscar clicks on Boton de localizacion], Oscar llenar ubicacion [Oscar enters 'Bogota' into Ciudad, Oscar types 'ARROW_DOWN' in Ciudad, Oscar types 'ENTER' in Ciudad, Oscar enters '110101' into Codigo Postal, Oscar clicks on Contenedor, Oscar enters 'Colombia' then hits ARROW_DOWN and ENTER into Paises, Oscar clicks on Dispositivos], Oscar llenar dis [Oscar clicks on Contenedor Dispo, Oscar enters 'Alcatel' then hits ARROW_DOWN and ENTER into despliegue dispositivos]]
[Test worker] WARN net.thucydides.core.steps.BaseStepListener - stepStarted: net.thucydides.core.steps.ExecutedStepDescription@5f3f28fb
[Test worker] WARN net.thucydides.core.steps.BaseStepListener - stepFinished: current outcome:Registro de usuario en la pagina:Given Se desea registrar a un usuario en la pagina [Oscar abrir [Oscar opens the Pagina, Oscar clicks on Boton para iniciar registro]], When Se diligenciara un formulario con los datos del usuario requerdios por el sistema
| strNombre | strApellido | strEmail | strAnoNacimiento | strMesNacimiento | strDiaNacimiento | strCiudad | strZip | strPais | strDispositivo | strModelo | strSo | strClave |
| Oscar | Rincon | juanes1032@hotmail.com | 1986 | May | 23 | Bogota | 110101 | Colombia | Alcatel | Crystal | Android 7.0 | Oira.1032370453 | [Oscar llenar [Oscar enters 'Oscar' into Primer nombre, Oscar enters 'Rincon' into Apellido, Oscar enters 'juanes1032@hotmail.com' into Email, Oscar select May on Mes de nacido, Oscar select 23 on Dia de nacido, Oscar select 1986 on Ano nacimiento, Oscar clicks on Boton de localizacion], Oscar llenar ubicacion [Oscar enters 'Bogota' into Ciudad, Oscar types 'ARROW_DOWN' in Ciudad, Oscar types 'ENTER' in Ciudad, Oscar enters '110101' into Codigo Postal, Oscar clicks on Contenedor, Oscar enters 'Colombia' then hits ARROW_DOWN and ENTER into Paises, Oscar clicks on Dispositivos], Oscar llenar dis [Oscar clicks on Contenedor Dispo, Oscar enters 'Alcatel' then hits ARROW_DOWN and ENTER into despliegue dispositivos, Oscar clicks on Contenedor Modelos]]
[Test worker] WARN net.thucydides.core.steps.BaseStepListener - stepStarted: net.thucydides.core.steps.ExecutedStepDescription@683ac22e
[Test worker] WARN net.thucydides.core.steps.BaseStepListener - stepFinished: current outcome:Registro de usuario en la pagina:Given Se desea registrar a un usuario en la pagina [Oscar abrir [Oscar opens the Pagina, Oscar clicks on Boton para iniciar registro]], When Se diligenciara un formulario con los datos del usuario requerdios por el sistema
| strNombre | strApellido | strEmail | strAnoNacimiento | strMesNacimiento | strDiaNacimiento | strCiudad | strZip | strPais | strDispositivo | strModelo | strSo | strClave |
| Oscar | Rincon | juanes1032@hotmail.com | 1986 | May | 23 | Bogota | 110101 | Colombia | Alcatel | Crystal | Android 7.0 | Oira.1032370453 | [Oscar llenar [Oscar enters 'Oscar' into Primer nombre, Oscar enters 'Rincon' into Apellido, Oscar enters 'juanes1032@hotmail.com' into Email, Oscar select May on Mes de nacido, Oscar select 23 on Dia de nacido, Oscar select 1986 on Ano nacimiento, Oscar clicks on Boton de localizacion], Oscar llenar ubicacion [Oscar enters 'Bogota' into Ciudad, Oscar types 'ARROW_DOWN' in Ciudad, Oscar types 'ENTER' in Ciudad, Oscar enters '110101' into Codigo Postal, Oscar clicks on Contenedor, Oscar enters 'Colombia' then hits ARROW_DOWN and ENTER into Paises, Oscar clicks on Dispositivos], Oscar llenar dis [Oscar clicks on Contenedor Dispo, Oscar enters 'Alcatel' then hits ARROW_DOWN and ENTER into despliegue dispositivos, Oscar clicks on Contenedor Modelos, Oscar enters 'Crystal' then hits ARROW_DOWN and ENTER into despliegue Modelos]]
[Test worker] WARN net.thucydides.core.steps.BaseStepListener - stepStarted: net.thucydides.core.steps.ExecutedStepDescription@791d2775
[Test worker] WARN net.thucydides.core.steps.BaseStepListener - stepFinished: current outcome:Registro de usuario en la pagina:Given Se desea registrar a un usuario en la pagina [Oscar abrir [Oscar opens the Pagina, Oscar clicks on Boton para iniciar registro]], When Se diligenciara un formulario con los datos del usuario requerdios por el sistema
| strNombre | strApellido | strEmail | strAnoNacimiento | strMesNacimiento | strDiaNacimiento | strCiudad | strZip | strPais | strDispositivo | strModelo | strSo | strClave |
| Oscar | Rincon | juanes1032@hotmail.com | 1986 | May | 23 | Bogota | 110101 | Colombia | Alcatel | Crystal | Android 7.0 | Oira.1032370453 | [Oscar llenar [Oscar enters 'Oscar' into Primer nombre, Oscar enters 'Rincon' into Apellido, Oscar enters 'juanes1032@hotmail.com' into Email, Oscar select May on Mes de nacido, Oscar select 23 on Dia de nacido, Oscar select 1986 on Ano nacimiento, Oscar clicks on Boton de localizacion], Oscar llenar ubicacion [Oscar enters 'Bogota' into Ciudad, Oscar types 'ARROW_DOWN' in Ciudad, Oscar types 'ENTER' in Ciudad, Oscar enters '110101' into Codigo Postal, Oscar clicks on Contenedor, Oscar enters 'Colombia' then hits ARROW_DOWN and ENTER into Paises, Oscar clicks on Dispositivos], Oscar llenar dis [Oscar clicks on Contenedor Dispo, Oscar enters 'Alcatel' then hits ARROW_DOWN and ENTER into despliegue dispositivos, Oscar clicks on Contenedor Modelos, Oscar enters 'Crystal' then hits ARROW_DOWN and ENTER into despliegue Modelos, Oscar clicks on Contenedor SO]]
[Test worker] WARN net.thucydides.core.steps.BaseStepListener - stepStarted: net.thucydides.core.steps.ExecutedStepDescription@6963a21f
[Test worker] WARN net.thucydides.core.steps.BaseStepListener - stepFinished: current outcome:Registro de usuario en la pagina:Given Se desea registrar a un usuario en la pagina [Oscar abrir [Oscar opens the Pagina, Oscar clicks on Boton para iniciar registro]], When Se diligenciara un formulario con los datos del usuario requerdios por el sistema
| strNombre | strApellido | strEmail | strAnoNacimiento | strMesNacimiento | strDiaNacimiento | strCiudad | strZip | strPais | strDispositivo | strModelo | strSo | strClave |
| Oscar | Rincon | juanes1032@hotmail.com | 1986 | May | 23 | Bogota | 110101 | Colombia | Alcatel | Crystal | Android 7.0 | Oira.1032370453 | [Oscar llenar [Oscar enters 'Oscar' into Primer nombre, Oscar enters 'Rincon' into Apellido, Oscar enters 'juanes1032@hotmail.com' into Email, Oscar select May on Mes de nacido, Oscar select 23 on Dia de nacido, Oscar select 1986 on Ano nacimiento, Oscar clicks on Boton de localizacion], Oscar llenar ubicacion [Oscar enters 'Bogota' into Ciudad, Oscar types 'ARROW_DOWN' in Ciudad, Oscar types 'ENTER' in Ciudad, Oscar enters '110101' into Codigo Postal, Oscar clicks on Contenedor, Oscar enters 'Colombia' then hits ARROW_DOWN and ENTER into Paises, Oscar clicks on Dispositivos], Oscar llenar dis [Oscar clicks on Contenedor Dispo, Oscar enters 'Alcatel' then hits ARROW_DOWN and ENTER into despliegue dispositivos, Oscar clicks on Contenedor Modelos, Oscar enters 'Crystal' then hits ARROW_DOWN and ENTER into despliegue Modelos, Oscar clicks on Contenedor SO, Oscar enters 'Android 7.0' then hits ARROW_DOWN and ENTER into despliegue SO]]
[Test worker] WARN net.thucydides.core.steps.BaseStepListener - stepStarted: net.thucydides.core.steps.ExecutedStepDescription@13c391dc
[Test worker] WARN net.thucydides.core.steps.BaseStepListener - stepFinished: current outcome:Registro de usuario en la pagina:Given Se desea registrar a un usuario en la pagina [Oscar abrir [Oscar opens the Pagina, Oscar clicks on Boton para iniciar registro]], When Se diligenciara un formulario con los datos del usuario requerdios por el sistema
| strNombre | strApellido | strEmail | strAnoNacimiento | strMesNacimiento | strDiaNacimiento | strCiudad | strZip | strPais | strDispositivo | strModelo | strSo | strClave |
| Oscar | Rincon | juanes1032@hotmail.com | 1986 | May | 23 | Bogota | 110101 | Colombia | Alcatel | Crystal | Android 7.0 | Oira.1032370453 | [Oscar llenar [Oscar enters 'Oscar' into Primer nombre, Oscar enters 'Rincon' into Apellido, Oscar enters 'juanes1032@hotmail.com' into Email, Oscar select May on Mes de nacido, Oscar select 23 on Dia de nacido, Oscar select 1986 on Ano nacimiento, Oscar clicks on Boton de localizacion], Oscar llenar ubicacion [Oscar enters 'Bogota' into Ciudad, Oscar types 'ARROW_DOWN' in Ciudad, Oscar types 'ENTER' in Ciudad, Oscar enters '110101' into Codigo Postal, Oscar clicks on Contenedor, Oscar enters 'Colombia' then hits ARROW_DOWN and ENTER into Paises, Oscar clicks on Dispositivos], Oscar llenar dis [Oscar clicks on Contenedor Dispo, Oscar enters 'Alcatel' then hits ARROW_DOWN and ENTER into despliegue dispositivos, Oscar clicks on Contenedor Modelos, Oscar enters 'Crystal' then hits ARROW_DOWN and ENTER into despliegue Modelos, Oscar clicks on Contenedor SO, Oscar enters 'Android 7.0' then hits ARROW_DOWN and ENTER into despliegue SO, Oscar clicks on Boton siguiente]]
[Test worker] WARN net.thucydides.core.steps.BaseStepListener - stepFinished: current outcome:Registro de usuario en la pagina:Given Se desea registrar a un usuario en la pagina [Oscar abrir [Oscar opens the Pagina, Oscar clicks on Boton para iniciar registro]], When Se diligenciara un formulario con los datos del usuario requerdios por el sistema
| strNombre | strApellido | strEmail | strAnoNacimiento | strMesNacimiento | strDiaNacimiento | strCiudad | strZip | strPais | strDispositivo | strModelo | strSo | strClave |
| Oscar | Rincon | juanes1032@hotmail.com | 1986 | May | 23 | Bogota | 110101 | Colombia | Alcatel | Crystal | Android 7.0 | Oira.1032370453 | [Oscar llenar [Oscar enters 'Oscar' into Primer nombre, Oscar enters 'Rincon' into Apellido, Oscar enters 'juanes1032@hotmail.com' into Email, Oscar select May on Mes de nacido, Oscar select 23 on Dia de nacido, Oscar select 1986 on Ano nacimiento, Oscar clicks on Boton de localizacion], Oscar llenar ubicacion [Oscar enters 'Bogota' into Ciudad, Oscar types 'ARROW_DOWN' in Ciudad, Oscar types 'ENTER' in Ciudad, Oscar enters '110101' into Codigo Postal, Oscar clicks on Contenedor, Oscar enters 'Colombia' then hits ARROW_DOWN and ENTER into Paises, Oscar clicks on Dispositivos], Oscar llenar dis [Oscar clicks on Contenedor Dispo, Oscar enters 'Alcatel' then hits ARROW_DOWN and ENTER into despliegue dispositivos, Oscar clicks on Contenedor Modelos, Oscar enters 'Crystal' then hits ARROW_DOWN and ENTER into despliegue Modelos, Oscar clicks on Contenedor SO, Oscar enters 'Android 7.0' then hits ARROW_DOWN and ENTER into despliegue SO, Oscar clicks on Boton siguiente]]
[Test worker] WARN net.thucydides.core.steps.BaseStepListener - stepStarted: net.thucydides.core.steps.ExecutedStepDescription@569dbb83
[Test worker] WARN net.thucydides.core.steps.BaseStepListener - stepStarted: net.thucydides.core.steps.ExecutedStepDescription@597a1c20
[Test worker] WARN net.thucydides.core.steps.BaseStepListener - stepFinished: current outcome:Registro de usuario en la pagina:Given Se desea registrar a un usuario en la pagina [Oscar abrir [Oscar opens the Pagina, Oscar clicks on Boton para iniciar registro]], When Se diligenciara un formulario con los datos del usuario requerdios por el sistema
| strNombre | strApellido | strEmail | strAnoNacimiento | strMesNacimiento | strDiaNacimiento | strCiudad | strZip | strPais | strDispositivo | strModelo | strSo | strClave |
| Oscar | Rincon | juanes1032@hotmail.com | 1986 | May | 23 | Bogota | 110101 | Colombia | Alcatel | Crystal | Android 7.0 | Oira.1032370453 | [Oscar llenar [Oscar enters 'Oscar' into Primer nombre, Oscar enters 'Rincon' into Apellido, Oscar enters 'juanes1032@hotmail.com' into Email, Oscar select May on Mes de nacido, Oscar select 23 on Dia de nacido, Oscar select 1986 on Ano nacimiento, Oscar clicks on Boton de localizacion], Oscar llenar ubicacion [Oscar enters 'Bogota' into Ciudad, Oscar types 'ARROW_DOWN' in Ciudad, Oscar types 'ENTER' in Ciudad, Oscar enters '110101' into Codigo Postal, Oscar clicks on Contenedor, Oscar enters 'Colombia' then hits ARROW_DOWN and ENTER into Paises, Oscar clicks on Dispositivos], Oscar llenar dis [Oscar clicks on Contenedor Dispo, Oscar enters 'Alcatel' then hits ARROW_DOWN and ENTER into despliegue dispositivos, Oscar clicks on Contenedor Modelos, Oscar enters 'Crystal' then hits ARROW_DOWN and ENTER into despliegue Modelos, Oscar clicks on Contenedor SO, Oscar enters 'Android 7.0' then hits ARROW_DOWN and ENTER into despliegue SO, Oscar clicks on Boton siguiente], Oscar llenarf [Oscar enters 'Oira.1032370453' into Clave]]
[Test worker] WARN net.thucydides.core.steps.BaseStepListener - stepStarted: net.thucydides.core.steps.ExecutedStepDescription@46fc28f7
[Test worker] WARN net.thucydides.core.steps.BaseStepListener - stepFinished: current outcome:Registro de usuario en la pagina:Given Se desea registrar a un usuario en la pagina [Oscar abrir [Oscar opens the Pagina, Oscar clicks on Boton para iniciar registro]], When Se diligenciara un formulario con los datos del usuario requerdios por el sistema
| strNombre | strApellido | strEmail | strAnoNacimiento | strMesNacimiento | strDiaNacimiento | strCiudad | strZip | strPais | strDispositivo | strModelo | strSo | strClave |
| Oscar | Rincon | juanes1032@hotmail.com | 1986 | May | 23 | Bogota | 110101 | Colombia | Alcatel | Crystal | Android 7.0 | Oira.1032370453 | [Oscar llenar [Oscar enters 'Oscar' into Primer nombre, Oscar enters 'Rincon' into Apellido, Oscar enters 'juanes1032@hotmail.com' into Email, Oscar select May on Mes de nacido, Oscar select 23 on Dia de nacido, Oscar select 1986 on Ano nacimiento, Oscar clicks on Boton de localizacion], Oscar llenar ubicacion [Oscar enters 'Bogota' into Ciudad, Oscar types 'ARROW_DOWN' in Ciudad, Oscar types 'ENTER' in Ciudad, Oscar enters '110101' into Codigo Postal, Oscar clicks on Contenedor, Oscar enters 'Colombia' then hits ARROW_DOWN and ENTER into Paises, Oscar clicks on Dispositivos], Oscar llenar dis [Oscar clicks on Contenedor Dispo, Oscar enters 'Alcatel' then hits ARROW_DOWN and ENTER into despliegue dispositivos, Oscar clicks on Contenedor Modelos, Oscar enters 'Crystal' then hits ARROW_DOWN and ENTER into despliegue Modelos, Oscar clicks on Contenedor SO, Oscar enters 'Android 7.0' then hits ARROW_DOWN and ENTER into despliegue SO, Oscar clicks on Boton siguiente], Oscar llenarf [Oscar enters 'Oira.1032370453' into Clave, Oscar enters 'Oira.1032370453' into Confirmar Clave]]
[Test worker] WARN net.thucydides.core.steps.BaseStepListener - stepStarted: net.thucydides.core.steps.ExecutedStepDescription@6bf0470e
[Test worker] WARN net.thucydides.core.steps.BaseStepListener - stepFinished: current outcome:Registro de usuario en la pagina:Given Se desea registrar a un usuario en la pagina [Oscar abrir [Oscar opens the Pagina, Oscar clicks on Boton para iniciar registro]], When Se diligenciara un formulario con los datos del usuario requerdios por el sistema
| strNombre | strApellido | strEmail | strAnoNacimiento | strMesNacimiento | strDiaNacimiento | strCiudad | strZip | strPais | strDispositivo | strModelo | strSo | strClave |
| Oscar | Rincon | juanes1032@hotmail.com | 1986 | May | 23 | Bogota | 110101 | Colombia | Alcatel | Crystal | Android 7.0 | Oira.1032370453 | [Oscar llenar [Oscar enters 'Oscar' into Primer nombre, Oscar enters 'Rincon' into Apellido, Oscar enters 'juanes1032@hotmail.com' into Email, Oscar select May on Mes de nacido, Oscar select 23 on Dia de nacido, Oscar select 1986 on Ano nacimiento, Oscar clicks on Boton de localizacion], Oscar llenar ubicacion [Oscar enters 'Bogota' into Ciudad, Oscar types 'ARROW_DOWN' in Ciudad, Oscar types 'ENTER' in Ciudad, Oscar enters '110101' into Codigo Postal, Oscar clicks on Contenedor, Oscar enters 'Colombia' then hits ARROW_DOWN and ENTER into Paises, Oscar clicks on Dispositivos], Oscar llenar dis [Oscar clicks on Contenedor Dispo, Oscar enters 'Alcatel' then hits ARROW_DOWN and ENTER into despliegue dispositivos, Oscar clicks on Contenedor Modelos, Oscar enters 'Crystal' then hits ARROW_DOWN and ENTER into despliegue Modelos, Oscar clicks on Contenedor SO, Oscar enters 'Android 7.0' then hits ARROW_DOWN and ENTER into despliegue SO, Oscar clicks on Boton siguiente], Oscar llenarf [Oscar enters 'Oira.1032370453' into Clave, Oscar enters 'Oira.1032370453' into Confirmar Clave, Oscar clicks on chec1]]
[Test worker] WARN net.thucydides.core.steps.BaseStepListener - stepStarted: net.thucydides.core.steps.ExecutedStepDescription@423ffd16
[Test worker] WARN net.thucydides.core.steps.BaseStepListener - stepFinished: current outcome:Registro de usuario en la pagina:Given Se desea registrar a un usuario en la pagina [Oscar abrir [Oscar opens the Pagina, Oscar clicks on Boton para iniciar registro]], When Se diligenciara un formulario con los datos del usuario requerdios por el sistema
| strNombre | strApellido | strEmail | strAnoNacimiento | strMesNacimiento | strDiaNacimiento | strCiudad | strZip | strPais | strDispositivo | strModelo | strSo | strClave |
| Oscar | Rincon | juanes1032@hotmail.com | 1986 | May | 23 | Bogota | 110101 | Colombia | Alcatel | Crystal | Android 7.0 | Oira.1032370453 | [Oscar llenar [Oscar enters 'Oscar' into Primer nombre, Oscar enters 'Rincon' into Apellido, Oscar enters 'juanes1032@hotmail.com' into Email, Oscar select May on Mes de nacido, Oscar select 23 on Dia de nacido, Oscar select 1986 on Ano nacimiento, Oscar clicks on Boton de localizacion], Oscar llenar ubicacion [Oscar enters 'Bogota' into Ciudad, Oscar types 'ARROW_DOWN' in Ciudad, Oscar types 'ENTER' in Ciudad, Oscar enters '110101' into Codigo Postal, Oscar clicks on Contenedor, Oscar enters 'Colombia' then hits ARROW_DOWN and ENTER into Paises, Oscar clicks on Dispositivos], Oscar llenar dis [Oscar clicks on Contenedor Dispo, Oscar enters 'Alcatel' then hits ARROW_DOWN and ENTER into despliegue dispositivos, Oscar clicks on Contenedor Modelos, Oscar enters 'Crystal' then hits ARROW_DOWN and ENTER into despliegue Modelos, Oscar clicks on Contenedor SO, Oscar enters 'Android 7.0' then hits ARROW_DOWN and ENTER into despliegue SO, Oscar clicks on Boton siguiente], Oscar llenarf [Oscar enters 'Oira.1032370453' into Clave, Oscar enters 'Oira.1032370453' into Confirmar Clave, Oscar clicks on chec1, Oscar clicks on chec2]]
[Test worker] WARN net.thucydides.core.steps.BaseStepListener - stepStarted: net.thucydides.core.steps.ExecutedStepDescription@5799f83f
[Test worker] WARN net.thucydides.core.steps.BaseStepListener - stepFinished: current outcome:Registro de usuario en la pagina:Given Se desea registrar a un usuario en la pagina [Oscar abrir [Oscar opens the Pagina, Oscar clicks on Boton para iniciar registro]], When Se diligenciara un formulario con los datos del usuario requerdios por el sistema
| strNombre | strApellido | strEmail | strAnoNacimiento | strMesNacimiento | strDiaNacimiento | strCiudad | strZip | strPais | strDispositivo | strModelo | strSo | strClave |
| Oscar | Rincon | juanes1032@hotmail.com | 1986 | May | 23 | Bogota | 110101 | Colombia | Alcatel | Crystal | Android 7.0 | Oira.1032370453 | [Oscar llenar [Oscar enters 'Oscar' into Primer nombre, Oscar enters 'Rincon' into Apellido, Oscar enters 'juanes1032@hotmail.com' into Email, Oscar select May on Mes de nacido, Oscar select 23 on Dia de nacido, Oscar select 1986 on Ano nacimiento, Oscar clicks on Boton de localizacion], Oscar llenar ubicacion [Oscar enters 'Bogota' into Ciudad, Oscar types 'ARROW_DOWN' in Ciudad, Oscar types 'ENTER' in Ciudad, Oscar enters '110101' into Codigo Postal, Oscar clicks on Contenedor, Oscar enters 'Colombia' then hits ARROW_DOWN and ENTER into Paises, Oscar clicks on Dispositivos], Oscar llenar dis [Oscar clicks on Contenedor Dispo, Oscar enters 'Alcatel' then hits ARROW_DOWN and ENTER into despliegue dispositivos, Oscar clicks on Contenedor Modelos, Oscar enters 'Crystal' then hits ARROW_DOWN and ENTER into despliegue Modelos, Oscar clicks on Contenedor SO, Oscar enters 'Android 7.0' then hits ARROW_DOWN and ENTER into despliegue SO, Oscar clicks on Boton siguiente], Oscar llenarf [Oscar enters 'Oira.1032370453' into Clave, Oscar enters 'Oira.1032370453' into Confirmar Clave, Oscar clicks on chec1, Oscar clicks on chec2, Oscar clicks on chec3]]
[Test worker] WARN net.thucydides.core.steps.BaseStepListener - stepStarted: net.thucydides.core.steps.ExecutedStepDescription@4d8d1c8
[Test worker] WARN net.thucydides.core.steps.BaseStepListener - stepFinished: current outcome:Registro de usuario en la pagina:Given Se desea registrar a un usuario en la pagina [Oscar abrir [Oscar opens the Pagina, Oscar clicks on Boton para iniciar registro]], When Se diligenciara un formulario con los datos del usuario requerdios por el sistema
| strNombre | strApellido | strEmail | strAnoNacimiento | strMesNacimiento | strDiaNacimiento | strCiudad | strZip | strPais | strDispositivo | strModelo | strSo | strClave |
| Oscar | Rincon | juanes1032@hotmail.com | 1986 | May | 23 | Bogota | 110101 | Colombia | Alcatel | Crystal | Android 7.0 | Oira.1032370453 | [Oscar llenar [Oscar enters 'Oscar' into Primer nombre, Oscar enters 'Rincon' into Apellido, Oscar enters 'juanes1032@hotmail.com' into Email, Oscar select May on Mes de nacido, Oscar select 23 on Dia de nacido, Oscar select 1986 on Ano nacimiento, Oscar clicks on Boton de localizacion], Oscar llenar ubicacion [Oscar enters 'Bogota' into Ciudad, Oscar types 'ARROW_DOWN' in Ciudad, Oscar types 'ENTER' in Ciudad, Oscar enters '110101' into Codigo Postal, Oscar clicks on Contenedor, Oscar enters 'Colombia' then hits ARROW_DOWN and ENTER into Paises, Oscar clicks on Dispositivos], Oscar llenar dis [Oscar clicks on Contenedor Dispo, Oscar enters 'Alcatel' then hits ARROW_DOWN and ENTER into despliegue dispositivos, Oscar clicks on Contenedor Modelos, Oscar enters 'Crystal' then hits ARROW_DOWN and ENTER into despliegue Modelos, Oscar clicks on Contenedor SO, Oscar enters 'Android 7.0' then hits ARROW_DOWN and ENTER into despliegue SO, Oscar clicks on Boton siguiente], Oscar llenarf [Oscar enters 'Oira.1032370453' into Clave, Oscar enters 'Oira.1032370453' into Confirmar Clave, Oscar clicks on chec1, Oscar clicks on chec2, Oscar clicks on chec3, Oscar clicks on Boton]]
[Test worker] WARN net.thucydides.core.steps.BaseStepListener - stepFinished: current outcome:Registro de usuario en la pagina:Given Se desea registrar a un usuario en la pagina [Oscar abrir [Oscar opens the Pagina, Oscar clicks on Boton para iniciar registro]], When Se diligenciara un formulario con los datos del usuario requerdios por el sistema
| strNombre | strApellido | strEmail | strAnoNacimiento | strMesNacimiento | strDiaNacimiento | strCiudad | strZip | strPais | strDispositivo | strModelo | strSo | strClave |
| Oscar | Rincon | juanes1032@hotmail.com | 1986 | May | 23 | Bogota | 110101 | Colombia | Alcatel | Crystal | Android 7.0 | Oira.1032370453 | [Oscar llenar [Oscar enters 'Oscar' into Primer nombre, Oscar enters 'Rincon' into Apellido, Oscar enters 'juanes1032@hotmail.com' into Email, Oscar select May on Mes de nacido, Oscar select 23 on Dia de nacido, Oscar select 1986 on Ano nacimiento, Oscar clicks on Boton de localizacion], Oscar llenar ubicacion [Oscar enters 'Bogota' into Ciudad, Oscar types 'ARROW_DOWN' in Ciudad, Oscar types 'ENTER' in Ciudad, Oscar enters '110101' into Codigo Postal, Oscar clicks on Contenedor, Oscar enters 'Colombia' then hits ARROW_DOWN and ENTER into Paises, Oscar clicks on Dispositivos], Oscar llenar dis [Oscar clicks on Contenedor Dispo, Oscar enters 'Alcatel' then hits ARROW_DOWN and ENTER into despliegue dispositivos, Oscar clicks on Contenedor Modelos, Oscar enters 'Crystal' then hits ARROW_DOWN and ENTER into despliegue Modelos, Oscar clicks on Contenedor SO, Oscar enters 'Android 7.0' then hits ARROW_DOWN and ENTER into despliegue SO, Oscar clicks on Boton siguiente], Oscar llenarf [Oscar enters 'Oira.1032370453' into Clave, Oscar enters 'Oira.1032370453' into Confirmar Clave, Oscar clicks on chec1, Oscar clicks on chec2, Oscar clicks on chec3, Oscar clicks on Boton]]
[Test worker] WARN net.thucydides.core.steps.BaseStepListener - stepFinished: current outcome:Registro de usuario en la pagina:Given Se desea registrar a un usuario en la pagina [Oscar abrir [Oscar opens the Pagina, Oscar clicks on Boton para iniciar registro]], When Se diligenciara un formulario con los datos del usuario requerdios por el sistema
| strNombre | strApellido | strEmail | strAnoNacimiento | strMesNacimiento | strDiaNacimiento | strCiudad | strZip | strPais | strDispositivo | strModelo | strSo | strClave |
| Oscar | Rincon | juanes1032@hotmail.com | 1986 | May | 23 | Bogota | 110101 | Colombia | Alcatel | Crystal | Android 7.0 | Oira.1032370453 | [Oscar llenar [Oscar enters 'Oscar' into Primer nombre, Oscar enters 'Rincon' into Apellido, Oscar enters 'juanes1032@hotmail.com' into Email, Oscar select May on Mes de nacido, Oscar select 23 on Dia de nacido, Oscar select 1986 on Ano nacimiento, Oscar clicks on Boton de localizacion], Oscar llenar ubicacion [Oscar enters 'Bogota' into Ciudad, Oscar types 'ARROW_DOWN' in Ciudad, Oscar types 'ENTER' in Ciudad, Oscar enters '110101' into Codigo Postal, Oscar clicks on Contenedor, Oscar enters 'Colombia' then hits ARROW_DOWN and ENTER into Paises, Oscar clicks on Dispositivos], Oscar llenar dis [Oscar clicks on Contenedor Dispo, Oscar enters 'Alcatel' then hits ARROW_DOWN and ENTER into despliegue dispositivos, Oscar clicks on Contenedor Modelos, Oscar enters 'Crystal' then hits ARROW_DOWN and ENTER into despliegue Modelos, Oscar clicks on Contenedor SO, Oscar enters 'Android 7.0' then hits ARROW_DOWN and ENTER into despliegue SO, Oscar clicks on Boton siguiente], Oscar llenarf [Oscar enters 'Oira.1032370453' into Clave, Oscar enters 'Oira.1032370453' into Confirmar Clave, Oscar clicks on chec1, Oscar clicks on chec2, Oscar clicks on chec3, Oscar clicks on Boton]]
[Test worker] WARN net.thucydides.core.steps.BaseStepListener - stepStarted: net.thucydides.core.steps.ExecutedStepDescription@3cedb370
[Test worker] WARN net.thucydides.core.steps.BaseStepListener - stepStarted: net.thucydides.core.steps.ExecutedStepDescription@42ee17b3
[Test worker] WARN net.thucydides.core.steps.BaseStepListener - testFinished: Registro de usuario en la pagina:Given Se desea registrar a un usuario en la pagina [Oscar abrir [Oscar opens the Pagina, Oscar clicks on Boton para iniciar registro]], When Se diligenciara un formulario con los datos del usuario requerdios por el sistema
| strNombre | strApellido | strEmail | strAnoNacimiento | strMesNacimiento | strDiaNacimiento | strCiudad | strZip | strPais | strDispositivo | strModelo | strSo | strClave |
| Oscar | Rincon | juanes1032@hotmail.com | 1986 | May | 23 | Bogota | 110101 | Colombia | Alcatel | Crystal | Android 7.0 | Oira.1032370453 | [Oscar llenar [Oscar enters 'Oscar' into Primer nombre, Oscar enters 'Rincon' into Apellido, Oscar enters 'juanes1032@hotmail.com' into Email, Oscar select May on Mes de nacido, Oscar select 23 on Dia de nacido, Oscar select 1986 on Ano nacimiento, Oscar clicks on Boton de localizacion], Oscar llenar ubicacion [Oscar enters 'Bogota' into Ciudad, Oscar types 'ARROW_DOWN' in Ciudad, Oscar types 'ENTER' in Ciudad, Oscar enters '110101' into Codigo Postal, Oscar clicks on Contenedor, Oscar enters 'Colombia' then hits ARROW_DOWN and ENTER into Paises, Oscar clicks on Dispositivos], Oscar llenar dis [Oscar clicks on Contenedor Dispo, Oscar enters 'Alcatel' then hits ARROW_DOWN and ENTER into despliegue dispositivos, Oscar clicks on Contenedor Modelos, Oscar enters 'Crystal' then hits ARROW_DOWN and ENTER into despliegue Modelos, Oscar clicks on Contenedor SO, Oscar enters 'Android 7.0' then hits ARROW_DOWN and ENTER into despliegue SO, Oscar clicks on Boton siguiente], Oscar llenarf [Oscar enters 'Oira.1032370453' into Clave, Oscar enters 'Oira.1032370453' into Confirmar Clave, Oscar clicks on chec1, Oscar clicks on chec2, Oscar clicks on chec3, Oscar clicks on Boton]], Then porteriormente se debe clickear el boton de regitro para finalizar el mismo
| strTxt |
| Complete | [Then r]
[Test worker] WARN net.thucydides.core.steps.BaseStepListener - TestOutcomes: [Registro de usuario en la pagina:Given Se desea registrar a un usuario en la pagina [Oscar abrir [Oscar opens the Pagina, Oscar clicks on Boton para iniciar registro]], When Se diligenciara un formulario con los datos del usuario requerdios por el sistema
| strNombre | strApellido | strEmail | strAnoNacimiento | strMesNacimiento | strDiaNacimiento | strCiudad | strZip | strPais | strDispositivo | strModelo | strSo | strClave |
| Oscar | Rincon | juanes1032@hotmail.com | 1986 | May | 23 | Bogota | 110101 | Colombia | Alcatel | Crystal | Android 7.0 | Oira.1032370453 | [Oscar llenar [Oscar enters 'Oscar' into Primer nombre, Oscar enters 'Rincon' into Apellido, Oscar enters 'juanes1032@hotmail.com' into Email, Oscar select May on Mes de nacido, Oscar select 23 on Dia de nacido, Oscar select 1986 on Ano nacimiento, Oscar clicks on Boton de localizacion], Oscar llenar ubicacion [Oscar enters 'Bogota' into Ciudad, Oscar types 'ARROW_DOWN' in Ciudad, Oscar types 'ENTER' in Ciudad, Oscar enters '110101' into Codigo Postal, Oscar clicks on Contenedor, Oscar enters 'Colombia' then hits ARROW_DOWN and ENTER into Paises, Oscar clicks on Dispositivos], Oscar llenar dis [Oscar clicks on Contenedor Dispo, Oscar enters 'Alcatel' then hits ARROW_DOWN and ENTER into despliegue dispositivos, Oscar clicks on Contenedor Modelos, Oscar enters 'Crystal' then hits ARROW_DOWN and ENTER into despliegue Modelos, Oscar clicks on Contenedor SO, Oscar enters 'Android 7.0' then hits ARROW_DOWN and ENTER into despliegue SO, Oscar clicks on Boton siguiente], Oscar llenarf [Oscar enters 'Oira.1032370453' into Clave, Oscar enters 'Oira.1032370453' into Confirmar Clave, Oscar clicks on chec1, Oscar clicks on chec2, Oscar clicks on chec3, Oscar clicks on Boton]], Then porteriormente se debe clickear el boton de regitro para finalizar el mismo
| strTxt |
| Complete | [Then r]]
[Test worker] WARN net.thucydides.core.steps.BaseStepListener - Final testOutcomes: [Registro de usuario en la pagina:Given Se desea registrar a un usuario en la pagina [Oscar abrir [Oscar opens the Pagina, Oscar clicks on Boton para iniciar registro]], When Se diligenciara un formulario con los datos del usuario requerdios por el sistema
| strNombre | strApellido | strEmail | strAnoNacimiento | strMesNacimiento | strDiaNacimiento | strCiudad | strZip | strPais | strDispositivo | strModelo | strSo | strClave |
| Oscar | Rincon | juanes1032@hotmail.com | 1986 | May | 23 | Bogota | 110101 | Colombia | Alcatel | Crystal | Android 7.0 | Oira.1032370453 | [Oscar llenar [Oscar enters 'Oscar' into Primer nombre, Oscar enters 'Rincon' into Apellido, Oscar enters 'juanes1032@hotmail.com' into Email, Oscar select May on Mes de nacido, Oscar select 23 on Dia de nacido, Oscar select 1986 on Ano nacimiento, Oscar clicks on Boton de localizacion], Oscar llenar ubicacion [Oscar enters 'Bogota' into Ciudad, Oscar types 'ARROW_DOWN' in Ciudad, Oscar types 'ENTER' in Ciudad, Oscar enters '110101' into Codigo Postal, Oscar clicks on Contenedor, Oscar enters 'Colombia' then hits ARROW_DOWN and ENTER into Paises, Oscar clicks on Dispositivos], Oscar llenar dis [Oscar clicks on Contenedor Dispo, Oscar enters 'Alcatel' then hits ARROW_DOWN and ENTER into despliegue dispositivos, Oscar clicks on Contenedor Modelos, Oscar enters 'Crystal' then hits ARROW_DOWN and ENTER into despliegue Modelos, Oscar clicks on Contenedor SO, Oscar enters 'Android 7.0' then hits ARROW_DOWN and ENTER into despliegue SO, Oscar clicks on Boton siguiente], Oscar llenarf [Oscar enters 'Oira.1032370453' into Clave, Oscar enters 'Oira.1032370453' into Confirmar Clave, Oscar clicks on chec1, Oscar clicks on chec2, Oscar clicks on chec3, Oscar clicks on Boton]], Then porteriormente se debe clickear el boton de regitro para finalizar el mismo
| strTxt |
| Complete | [Then r]]
[Test worker] ERROR net.thucydides.core.steps.ConsoleLoggingListener - 
           __  _____ _____ ____ _____   _____ _    ___ _     _____ ____  
  _       / / |_   _| ____/ ___|_   _| |  ___/ \  |_ _| |   | ____|  _ \ 
 (_)_____| |    | | |  _| \___ \ | |   | |_ / _ \  | || |   |  _| | | | |
  _|_____| |    | | | |___ ___) || |   |  _/ ___ \ | || |___| |___| |_| |
 (_)     | |    |_| |_____|____/ |_|   |_|/_/   \_\___|_____|_____|____/ 
          \_\                                                            

TEST FAILED: Registro de usuario en la pagina
--------------------------------------------------------------------------
[Test worker] ERROR net.thucydides.core.steps.ConsoleLoggingListener - TEST FAILED AT STEP Then r
[Test worker] ERROR net.thucydides.core.steps.ConsoleLoggingListener - Expected rExpected: is <true> but: was <false>
]]></system-err>
</testsuite>
